<?xml version="1.0" encoding="UTF-8"?>
<!-- Generated by org.testng.reporters.JUnitXMLReporter -->
<testsuite ignored="0" hostname="MW-NMS2" failures="0" tests="3" name="Test" time="63.867" errors="0" timestamp="2024-11-13T15:12:07 IST">
  <testcase classname="testScript.FileUpload" name="robotClass" time="4.668"/>
  <testcase classname="testScript.FileUpload" name="sendKeys" time="8.038">
    <skipped/>
  </testcase> <!-- sendKeys -->
  <testcase classname="testScript.FileUpload" name="sendKeys" time="33.27"/>
</testsuite> <!-- Test -->
