<?xml version="1.0" encoding="UTF-8"?>
<testng-results retried="1" ignored="1" total="4" passed="2" failed="0" skipped="0">
  <reporter-output>
  </reporter-output>
  <suite started-at="2024-11-13T15:11:03 IST" name="Suite" finished-at="2024-11-13T15:12:07 IST" duration-ms="63867">
    <groups>
    </groups>
    <test started-at="2024-11-13T15:11:03 IST" name="Test" finished-at="2024-11-13T15:12:07 IST" duration-ms="63867">
      <class name="testScript.FileUpload">
        <test-method is-config="true" signature="initializeBrowser(java.lang.String)[pri:0, instance:testScript.FileUpload@4ee203eb]" started-at="2024-11-13T15:11:03 IST" name="initializeBrowser" finished-at="2024-11-13T15:11:10 IST" duration-ms="7217" status="PASS">
          <params>
            <param index="0">
              <value>
                <![CDATA[chrome]]>
              </value>
            </param>
          </params>
          <reporter-output>
          </reporter-output>
        </test-method> <!-- initializeBrowser -->
        <test-method signature="robotClass()[pri:0, instance:testScript.FileUpload@4ee203eb]" started-at="2024-11-13T15:11:10 IST" name="robotClass" finished-at="2024-11-13T15:11:15 IST" duration-ms="4668" status="PASS">
          <reporter-output>
          </reporter-output>
        </test-method> <!-- robotClass -->
        <test-method is-config="true" signature="browserQuit(org.testng.ITestResult)[pri:0, instance:testScript.FileUpload@4ee203eb]" started-at="2024-11-13T15:11:15 IST" name="browserQuit" finished-at="2024-11-13T15:11:16 IST" duration-ms="828" status="PASS">
          <params>
            <param index="0">
              <value>
                <![CDATA[[TestResult name=robotClass status=SUCCESS method=FileUpload.robotClass()[pri:0, instance:testScript.FileUpload@4ee203eb] output={null}]]]>
              </value>
            </param>
          </params>
          <reporter-output>
          </reporter-output>
        </test-method> <!-- browserQuit -->
        <test-method is-config="true" signature="initializeBrowser(java.lang.String)[pri:0, instance:testScript.FileUpload@4ee203eb]" started-at="2024-11-13T15:11:16 IST" name="initializeBrowser" finished-at="2024-11-13T15:11:20 IST" duration-ms="4354" status="PASS">
          <params>
            <param index="0">
              <value>
                <![CDATA[chrome]]>
              </value>
            </param>
          </params>
          <reporter-output>
          </reporter-output>
        </test-method> <!-- initializeBrowser -->
        <test-method retried="true" signature="sendKeys()[pri:0, instance:testScript.FileUpload@4ee203eb]" started-at="2024-11-13T15:11:20 IST" name="sendKeys" finished-at="2024-11-13T15:11:28 IST" duration-ms="8038" status="SKIP">
          <exception class="org.openqa.selenium.ElementClickInterceptedException">
            <message>
              <![CDATA[element click intercepted: Element <button data-testid="file-submit" id="fileSubmit" type="submit" class="btn btn-primary">...</button> is not clickable at point (243, 635). Other element would receive the click: <div id="aswift_3_host" style="border: none !important; height: 90px !important; width: 100% !important; margin: 0px !important; padding: 0px !important; position: relative !important; visibility: visible !important; background-color: transparent !important; display: inline-block !important; inset: auto !important; clear: none !important; float: none !important; max-height: none !important; max-width: none !important; opacity: 1 !important; overflow: visible !important; vertical-align: baseline !important; z-index: auto !important;">...</div>
  (Session info: chrome=130.0.6723.117)
Build info: version: '4.25.0', revision: '8a8aea2337'
System info: os.name: 'Windows 11', os.arch: 'amd64', os.version: '10.0', java.version: '23.0.1'
Driver info: org.openqa.selenium.chrome.ChromeDriver
Command: [34cb983c52c668988301f4496a29892d, clickElement {id=f.8838EAF1ACDA57F21F48154F6D9D5CFE.d.1D341039F36CBFB71BF3CFD2A33D8319.e.15}]
Capabilities {acceptInsecureCerts: false, browserName: chrome, browserVersion: 130.0.6723.117, chrome: {chromedriverVersion: 130.0.6723.116 (6ac35f94ae3..., userDataDir: C:\Users\nms2\AppData\Local...}, fedcm:accounts: true, goog:chromeOptions: {debuggerAddress: localhost:61635}, networkConnectionEnabled: false, pageLoadStrategy: normal, platformName: windows, proxy: Proxy(), se:cdp: ws://localhost:61635/devtoo..., se:cdpVersion: 130.0.6723.117, setWindowRect: true, strictFileInteractability: false, timeouts: {implicit: 0, pageLoad: 300000, script: 30000}, unhandledPromptBehavior: dismiss and notify, webauthn:extension:credBlob: true, webauthn:extension:largeBlob: true, webauthn:extension:minPinLength: true, webauthn:extension:prf: true, webauthn:virtualAuthenticators: true}
Element: [[ChromeDriver: chrome on windows (34cb983c52c668988301f4496a29892d)] -> xpath: //button[@id='fileSubmit']]
Session ID: 34cb983c52c668988301f4496a29892d]]>
            </message>
            <full-stacktrace>
              <![CDATA[org.openqa.selenium.ElementClickInterceptedException: element click intercepted: Element <button data-testid="file-submit" id="fileSubmit" type="submit" class="btn btn-primary">...</button> is not clickable at point (243, 635). Other element would receive the click: <div id="aswift_3_host" style="border: none !important; height: 90px !important; width: 100% !important; margin: 0px !important; padding: 0px !important; position: relative !important; visibility: visible !important; background-color: transparent !important; display: inline-block !important; inset: auto !important; clear: none !important; float: none !important; max-height: none !important; max-width: none !important; opacity: 1 !important; overflow: visible !important; vertical-align: baseline !important; z-index: auto !important;">...</div>
  (Session info: chrome=130.0.6723.117)
Build info: version: '4.25.0', revision: '8a8aea2337'
System info: os.name: 'Windows 11', os.arch: 'amd64', os.version: '10.0', java.version: '23.0.1'
Driver info: org.openqa.selenium.chrome.ChromeDriver
Command: [34cb983c52c668988301f4496a29892d, clickElement {id=f.8838EAF1ACDA57F21F48154F6D9D5CFE.d.1D341039F36CBFB71BF3CFD2A33D8319.e.15}]
Capabilities {acceptInsecureCerts: false, browserName: chrome, browserVersion: 130.0.6723.117, chrome: {chromedriverVersion: 130.0.6723.116 (6ac35f94ae3..., userDataDir: C:\Users\nms2\AppData\Local...}, fedcm:accounts: true, goog:chromeOptions: {debuggerAddress: localhost:61635}, networkConnectionEnabled: false, pageLoadStrategy: normal, platformName: windows, proxy: Proxy(), se:cdp: ws://localhost:61635/devtoo..., se:cdpVersion: 130.0.6723.117, setWindowRect: true, strictFileInteractability: false, timeouts: {implicit: 0, pageLoad: 300000, script: 30000}, unhandledPromptBehavior: dismiss and notify, webauthn:extension:credBlob: true, webauthn:extension:largeBlob: true, webauthn:extension:minPinLength: true, webauthn:extension:prf: true, webauthn:virtualAuthenticators: true}
Element: [[ChromeDriver: chrome on windows (34cb983c52c668988301f4496a29892d)] -> xpath: //button[@id='fileSubmit']]
Session ID: 34cb983c52c668988301f4496a29892d
at java.base/jdk.internal.reflect.DirectConstructorHandleAccessor.newInstance(DirectConstructorHandleAccessor.java:62)
at java.base/java.lang.reflect.Constructor.newInstanceWithCaller(Constructor.java:501)
at java.base/java.lang.reflect.Constructor.newInstance(Constructor.java:485)
at org.openqa.selenium.remote.ErrorCodec.decode(ErrorCodec.java:167)
at org.openqa.selenium.remote.codec.w3c.W3CHttpResponseCodec.decode(W3CHttpResponseCodec.java:138)
at org.openqa.selenium.remote.codec.w3c.W3CHttpResponseCodec.decode(W3CHttpResponseCodec.java:50)
at org.openqa.selenium.remote.HttpCommandExecutor.execute(HttpCommandExecutor.java:190)
at org.openqa.selenium.remote.service.DriverCommandExecutor.invokeExecute(DriverCommandExecutor.java:216)
at org.openqa.selenium.remote.service.DriverCommandExecutor.execute(DriverCommandExecutor.java:174)
at org.openqa.selenium.remote.RemoteWebDriver.execute(RemoteWebDriver.java:545)
at org.openqa.selenium.remote.RemoteWebElement.execute(RemoteWebElement.java:223)
at org.openqa.selenium.remote.RemoteWebElement.click(RemoteWebElement.java:76)
at testScript.FileUpload.sendKeys(FileUpload.java:25)
at java.base/jdk.internal.reflect.DirectMethodHandleAccessor.invoke(DirectMethodHandleAccessor.java:103)
at java.base/java.lang.reflect.Method.invoke(Method.java:580)
at org.testng.internal.invokers.MethodInvocationHelper.invokeMethod(MethodInvocationHelper.java:139)
at org.testng.internal.invokers.TestInvoker.invokeMethod(TestInvoker.java:664)
at org.testng.internal.invokers.TestInvoker.invokeTestMethod(TestInvoker.java:227)
at org.testng.internal.invokers.MethodRunner.runInSequence(MethodRunner.java:50)
at org.testng.internal.invokers.TestInvoker$MethodInvocationAgent.invoke(TestInvoker.java:957)
at org.testng.internal.invokers.TestInvoker.invokeTestMethods(TestInvoker.java:200)
at org.testng.internal.invokers.TestMethodWorker.invokeTestMethods(TestMethodWorker.java:148)
at org.testng.internal.invokers.TestMethodWorker.run(TestMethodWorker.java:128)
at java.base/java.util.ArrayList.forEach(ArrayList.java:1597)
at org.testng.TestRunner.privateRun(TestRunner.java:848)
at org.testng.TestRunner.run(TestRunner.java:621)
at org.testng.SuiteRunner.runTest(SuiteRunner.java:443)
at org.testng.SuiteRunner.runSequentially(SuiteRunner.java:437)
at org.testng.SuiteRunner.privateRun(SuiteRunner.java:397)
at org.testng.SuiteRunner.run(SuiteRunner.java:336)
at org.testng.SuiteRunnerWorker.runSuite(SuiteRunnerWorker.java:52)
at org.testng.SuiteRunnerWorker.run(SuiteRunnerWorker.java:95)
at org.testng.TestNG.runSuitesSequentially(TestNG.java:1280)
at org.testng.TestNG.runSuitesLocally(TestNG.java:1200)
at org.testng.TestNG.runSuites(TestNG.java:1114)
at org.testng.TestNG.run(TestNG.java:1082)
at org.testng.remote.AbstractRemoteTestNG.run(AbstractRemoteTestNG.java:115)
at org.testng.remote.RemoteTestNG.initAndRun(RemoteTestNG.java:293)
at org.testng.remote.RemoteTestNG.main(RemoteTestNG.java:91)
]]>
            </full-stacktrace>
          </exception> <!-- org.openqa.selenium.ElementClickInterceptedException -->
          <reporter-output>
          </reporter-output>
        </test-method> <!-- sendKeys -->
        <test-method is-config="true" signature="browserQuit(org.testng.ITestResult)[pri:0, instance:testScript.FileUpload@4ee203eb]" started-at="2024-11-13T15:11:28 IST" name="browserQuit" finished-at="2024-11-13T15:11:28 IST" duration-ms="490" status="PASS">
          <params>
            <param index="0">
              <value>
                <![CDATA[[TestResult name=sendKeys status=SKIP method=FileUpload.sendKeys()[pri:0, instance:testScript.FileUpload@4ee203eb] output={null}]]]>
              </value>
            </param>
          </params>
          <reporter-output>
          </reporter-output>
        </test-method> <!-- browserQuit -->
        <test-method is-config="true" signature="initializeBrowser(java.lang.String)[pri:0, instance:testScript.FileUpload@4ee203eb]" started-at="2024-11-13T15:11:28 IST" name="initializeBrowser" finished-at="2024-11-13T15:11:33 IST" duration-ms="4378" status="PASS">
          <params>
            <param index="0">
              <value>
                <![CDATA[chrome]]>
              </value>
            </param>
          </params>
          <reporter-output>
          </reporter-output>
        </test-method> <!-- initializeBrowser -->
        <test-method signature="sendKeys()[pri:0, instance:testScript.FileUpload@4ee203eb]" started-at="2024-11-13T15:11:33 IST" name="sendKeys" finished-at="2024-11-13T15:12:06 IST" duration-ms="33270" status="PASS">
          <reporter-output>
          </reporter-output>
        </test-method> <!-- sendKeys -->
        <test-method is-config="true" signature="browserQuit(org.testng.ITestResult)[pri:0, instance:testScript.FileUpload@4ee203eb]" started-at="2024-11-13T15:12:06 IST" name="browserQuit" finished-at="2024-11-13T15:12:07 IST" duration-ms="586" status="PASS">
          <params>
            <param index="0">
              <value>
                <![CDATA[[TestResult name=sendKeys status=SUCCESS method=FileUpload.sendKeys()[pri:0, instance:testScript.FileUpload@4ee203eb] output={null}]]]>
              </value>
            </param>
          </params>
          <reporter-output>
          </reporter-output>
        </test-method> <!-- browserQuit -->
      </class> <!-- testScript.FileUpload -->
    </test> <!-- Test -->
  </suite> <!-- Suite -->
</testng-results>
